BUILD: Computing Include file dependencies:
BUILD: Examining c:\temp\usbd\usbd directory for files to compile.
oacr invalidate root:x86chk /autocleanqueue
1>Compiling c:\temp\usbd\usbd *************
1>'nmake.exe /nologo BUILDMSG=Stop. -i /nologo /f d:\winddk\bin\makefile.def BUILD_PASS=PASS1 NOLINK=1 NOPASS0=1 MAKEDIR_RELATIVE_TO_BASEDIR='
1> D:\WINDDK\Bin\x86\oacr\oacrcl @c:\temp\usbd\usbd\objchk_win7_x86\i386\cl.rsp
1>Microsoft (R) 32-bit C/C++ Optimizing Compiler Version 15.00.30729.207 for 80x86
1>Copyright (C) Microsoft Corporation.  All rights reserved.
1>cl /Fo"c:\temp\usbd\usbd\objchk_win7_x86\i386/"
1> /FC
1> /Ii386
1> /I.
1> /Ic:\temp\usbd\usbd\objchk_win7_x86\i386
1> /ID:\WINDDK\inc\api
1> /ID:\WINDDK\inc\api
1> /ID:\WINDDK\inc\ddk
1> /ID:\WINDDK\inc\ddk
1> /ID:\WINDDK\inc\crt
1> /D_X86_=1
1> /Di386=1
1> /DSTD_CALL
1> /DCONDITION_HANDLING=1
1> /DNT_UP=1
1> /DNT_INST=0
1> /DWIN32=100
1> /D_NT1X_=100
1> /DWINNT=1
1> /D_WIN32_WINNT=0x0601
1> /DWINVER=0x0601
1> /D_WIN32_IE=0x0800
1> /DWIN32_LEAN_AND_MEAN=1
1> /DDEVL=1
1> /DDBG=1
1> /D__BUILDMACHINE__=WinDDK
1> /DFPO=0
1> /D_DLL=1
1> /DNDEBUG
1> /DDEPRECATE_DDK_FUNCTIONS=1
1> /DMSC_NOOPT
1> /DNTDDI_VERSION=0x06010000
1> /c
1> /Zc:wchar_t-
1> /Zl
1> /Zp8
1> /Gy
1> /Gm-
1> -cbstring
1> /W3
1> /Gz
1> /hotpatch
1> /EHs-c-
1> /GR-
1> /GF
1> /GS
1> /Zi
1> /Od
1> /Oi
1> /Oy-
1> /Zi
1> /Fdc:\temp\usbd\usbd\objchk_win7_x86\i386\
1> /DKMDF_MAJOR_VERSION_STRING=01
1> /DKMDF_MINOR_VERSION_STRING=009
1> /wd4603
1> /wd4627
1> /typedil-
1> /FID:\WINDDK\inc\api\warning.h
1> .\usbd.cpp 
1>usbd.cpp
1>c:\temp\usbd\usbd\usbd.cpp(163) : error C4716: 'USBD_CreateConfigurationRequest' : must return a value
1>errors in directory c:\temp\usbd\usbd
1>c:\temp\usbd\usbd\usbd.cpp(163) : error C4716: 'USBD_CreateConfigurationRequest' : must return a value
1> D:\WINDDK\Bin\x86\oacr\oacrlink /lib /out:c:\temp\usbd\usbd\objchk_win7_x86\i386\usbd.lib @c:\temp\usbd\usbd\objchk_win7_x86\i386\lib.rsp
1>Microsoft (R) Library Manager Version 9.00.30729.207
1>Copyright (C) Microsoft Corporation.  All rights reserved.
1>/IGNORE:4198,4010,4037,4039,4065,4070,4078,4087,4089,4221 
1>/WX 
1>/nodefaultlib 
1>/machine:ix86 
1>/def:usblib.def 
1>c:\temp\usbd\usbd\objchk_win7_x86\i386\stdafx.obj c:\temp\usbd\usbd\objchk_win7_x86\i386\usbd.obj 
1>LINK : fatal error LNK1181: cannot open input file 'c:\temp\usbd\usbd\objchk_win7_x86\i386\usbd.obj'
1>link : error LNK1181: cannot open input file 'c:\temp\usbd\usbd\objchk_win7_x86\i386\usbd.obj'
Compile errors: not linking c:\temp\usbd\usbd directory *************
